[ 2024-07-09 10:24:19,351 ] 31 root - INFO - Entered the data ingestion method or component
[ 2024-07-09 10:24:19,461 ] 34 root - INFO - Read the dataset as dataframe
[ 2024-07-09 10:24:19,659 ] 40 root - INFO - Train test split initiated
[ 2024-07-09 10:24:19,837 ] 46 root - INFO - Ingestion of the data is completed
[ 2024-07-09 10:24:19,887 ] 77 root - INFO - Read train and test data completed
[ 2024-07-09 10:24:19,887 ] 78 root - INFO - Index(['market', 'commodity', 'price'], dtype='object')
[ 2024-07-09 10:24:19,887 ] 79 root - INFO - Index(['market', 'commodity', 'price'], dtype='object')
[ 2024-07-09 10:24:19,908 ] 83 root - INFO - Obtaining preprocessing object
[ 2024-07-09 10:24:19,909 ] 59 root - INFO - Categorical columns: ['market', 'commodity']
[ 2024-07-09 10:24:19,909 ] 60 root - INFO - Numerical columns: ['dayofweek', 'quarter', 'month', 'year', 'dayofyear', 'dayofmonth', 'weekofyear']
[ 2024-07-09 10:24:29,875 ] 103 root - INFO - Applying preprocessing object on training dataframe and testing dataframe.
[ 2024-07-09 10:24:29,875 ] 106 root - INFO - Index(['market', 'commodity', 'dayofweek', 'quarter', 'month', 'year',
       'dayofyear', 'dayofmonth', 'weekofyear'],
      dtype='object')
[ 2024-07-09 10:24:29,875 ] 107 root - INFO - Index(['market', 'commodity', 'dayofweek', 'quarter', 'month', 'year',
       'dayofyear', 'dayofmonth', 'weekofyear'],
      dtype='object')
[ 2024-07-09 10:24:30,407 ] 116 root - INFO - Saved preprocessing object.
[ 2024-07-09 10:24:30,415 ] 27 root - INFO - Split training and test input data
[ 2024-07-09 10:25:16,202 ] 72 root - INFO - Train r2 : 0.969015324916572
[ 2024-07-09 10:25:16,203 ] 75 root - INFO - Test r2 : 0.9621302041514695
[ 2024-07-09 10:25:16,203 ] 36 root - INFO - Training and Evaluation Complete!
[ 2024-07-09 10:25:16,203 ] 37 root - INFO - 0.9621302041514695
